<?xml version="1.0" encoding="UTF-8"?>
<testng-results skipped="0" failed="0" total="1" passed="1">
  <reporter-output>
  </reporter-output>
  <suite name="Default suite" duration-ms="110723" started-at="2017-09-19T13:15:17Z" finished-at="2017-09-19T13:17:07Z">
    <groups>
    </groups>
    <test name="Default test" duration-ms="110723" started-at="2017-09-19T13:15:17Z" finished-at="2017-09-19T13:17:07Z">
      <class name="automationFramework.Main_menu">
        <test-method status="PASS" signature="main()[pri:0, instance:automationFramework.Main_menu@735b5592]" name="main" duration-ms="110694" started-at="2017-09-19T18:45:17Z" finished-at="2017-09-19T18:47:07Z">
          <reporter-output>
          </reporter-output>
        </test-method> <!-- main -->
      </class> <!-- automationFramework.Main_menu -->
    </test> <!-- Default test -->
  </suite> <!-- Default suite -->
</testng-results>
